# JRE version: Java(TM) SE Runtime Environment 18.9 (11.0.8+10) (build 11.0.8+10-LTS)
# Java VM: Java HotSpot(TM) 64-Bit Server VM 18.9 (11.0.8+10-LTS, mixed mode, tiered, compressed oops, g1 gc, windows-amd64)
Heap:
 garbage-first heap   total 129024K, used 49762K [0x0000000082600000, 0x0000000100000000)
  region size 1024K, 43 young (44032K), 4 survivors (4096K)
 Metaspace       used 32305K, capacity 33250K, committed 33408K, reserved 1079296K
  class space    used 3769K, capacity 4185K, committed 4224K, reserved 1048576K
GC Heap History (8 events):
Event: 1.000 GC heap before
{Heap before GC invocations=0 (full 0):
 garbage-first heap   total 129024K, used 24576K [0x0000000082600000, 0x0000000100000000)
  region size 1024K, 24 young (24576K), 0 survivors (0K)
 Metaspace       used 11903K, capacity 12202K, committed 12416K, reserved 1060864K
  class space    used 1175K, capacity 1283K, committed 1408K, reserved 1048576K
}
Event: 1.006 GC heap after
{Heap after GC invocations=1 (full 0):
 garbage-first heap   total 129024K, used 6841K [0x0000000082600000, 0x0000000100000000)
  region size 1024K, 3 young (3072K), 3 survivors (3072K)
 Metaspace       used 11903K, capacity 12202K, committed 12416K, reserved 1060864K
  class space    used 1175K, capacity 1283K, committed 1408K, reserved 1048576K
}
Event: 1.826 GC heap before
{Heap before GC invocations=1 (full 0):
 garbage-first heap   total 129024K, used 43705K [0x0000000082600000, 0x0000000100000000)
  region size 1024K, 41 young (41984K), 3 survivors (3072K)
 Metaspace       used 20631K, capacity 21122K, committed 21248K, reserved 1069056K
  class space    used 2227K, capacity 2437K, committed 2560K, reserved 1048576K
}
Event: 1.833 GC heap after
{Heap after GC invocations=2 (full 0):
 garbage-first heap   total 129024K, used 8840K [0x0000000082600000, 0x0000000100000000)
  region size 1024K, 5 young (5120K), 5 survivors (5120K)
 Metaspace       used 20631K, capacity 21122K, committed 21248K, reserved 1069056K
  class space    used 2227K, capacity 2437K, committed 2560K, reserved 1048576K
}
Event: 2.189 GC heap before
{Heap before GC invocations=3 (full 0):
 garbage-first heap   total 129024K, used 41608K [0x0000000082600000, 0x0000000100000000)
  region size 1024K, 38 young (38912K), 5 survivors (5120K)
 Metaspace       used 24028K, capacity 24619K, committed 24704K, reserved 1071104K
  class space    used 2701K, capacity 2926K, committed 2944K, reserved 1048576K
}
Event: 2.198 GC heap after
{Heap after GC invocations=4 (full 0):
 garbage-first heap   total 129024K, used 9844K [0x0000000082600000, 0x0000000100000000)
  region size 1024K, 3 young (3072K), 3 survivors (3072K)
 Metaspace       used 24028K, capacity 24619K, committed 24704K, reserved 1071104K
  class space    used 2701K, capacity 2926K, committed 2944K, reserved 1048576K
}
Event: 3.019 GC heap before
{Heap before GC invocations=4 (full 0):
 garbage-first heap   total 129024K, used 61044K [0x0000000082600000, 0x0000000100000000)
  region size 1024K, 54 young (55296K), 3 survivors (3072K)
 Metaspace       used 26471K, capacity 27170K, committed 27392K, reserved 1073152K
  class space    used 2967K, capacity 3237K, committed 3328K, reserved 1048576K
}
Event: 3.028 GC heap after
{Heap after GC invocations=5 (full 0):
 garbage-first heap   total 129024K, used 10850K [0x0000000082600000, 0x0000000100000000)
  region size 1024K, 4 young (4096K), 4 survivors (4096K)
 Metaspace       used 26471K, capacity 27170K, committed 27392K, reserved 1073152K
  class space    used 2967K, capacity 3237K, committed 3328K, reserved 1048576K
}

